{
  "stats": {
    "suites": 0,
    "tests": 1,
    "passes": 0,
    "pending": 0,
    "failures": 1,
    "start": "2025-07-01T00:03:51.739Z",
    "end": "2025-07-01T00:03:57.203Z",
    "duration": 5464,
    "testsRegistered": 1,
    "passPercent": 0,
    "pendingPercent": 0,
    "other": 1,
    "hasOther": true,
    "skipped": 0,
    "hasSkipped": false
  },
  "results": [
    {
      "uuid": "9800d826-9948-4406-b62c-f9c044d8f82f",
      "title": "",
      "fullFile": "",
      "file": "/home/runner/work/exerc_pactumjs/exerc_pactumjs/test/exercicios/produtos.test.js",
      "beforeHooks": [
        {
          "title": "\"before all\" hook in \"{root}\"",
          "fullTitle": "\"before all\" hook in \"{root}\"",
          "timedOut": false,
          "duration": 3,
          "state": null,
          "speed": null,
          "pass": false,
          "fail": false,
          "pending": false,
          "context": null,
          "code": "addFlowReporter();\nawait mock.start(4000);",
          "err": {},
          "uuid": "54f076cd-5d27-4203-a605-f89a6a43e2e4",
          "parentUUID": "9800d826-9948-4406-b62c-f9c044d8f82f",
          "isHook": true,
          "skipped": false
        },
        {
          "title": "\"before all\" hook in \"{root}\"",
          "fullTitle": "\"before all\" hook in \"{root}\"",
          "timedOut": false,
          "duration": 1,
          "state": null,
          "speed": null,
          "pass": false,
          "fail": false,
          "pending": false,
          "context": null,
          "code": "addFlowReporter();\nawait mock.start(4000);",
          "err": {},
          "uuid": "5b63a6de-475e-4962-b38c-cc13a97083ac",
          "parentUUID": "9800d826-9948-4406-b62c-f9c044d8f82f",
          "isHook": true,
          "skipped": false
        },
        {
          "title": "\"before all\" hook in \"{root}\"",
          "fullTitle": "\"before all\" hook in \"{root}\"",
          "timedOut": false,
          "duration": 0,
          "state": null,
          "speed": null,
          "pass": false,
          "fail": false,
          "pending": false,
          "context": null,
          "code": "addFlowReporter();\nawait mock.start(4000);",
          "err": {},
          "uuid": "8e5b3931-1074-414d-b09c-ccea4be6e4a9",
          "parentUUID": "9800d826-9948-4406-b62c-f9c044d8f82f",
          "isHook": true,
          "skipped": false
        },
        {
          "title": "\"before all\" hook in \"{root}\"",
          "fullTitle": "\"before all\" hook in \"{root}\"",
          "timedOut": false,
          "duration": 0,
          "state": null,
          "speed": null,
          "pass": false,
          "fail": false,
          "pending": false,
          "context": null,
          "code": "addFlowReporter();",
          "err": {},
          "uuid": "4def64ae-6aa0-4e01-8ff3-679769a98a88",
          "parentUUID": "9800d826-9948-4406-b62c-f9c044d8f82f",
          "isHook": true,
          "skipped": false
        },
        {
          "title": "\"before all\" hook in \"{root}\"",
          "fullTitle": "\"before all\" hook in \"{root}\"",
          "timedOut": false,
          "duration": 0,
          "state": null,
          "speed": null,
          "pass": false,
          "fail": false,
          "pending": false,
          "context": null,
          "code": "addFlowReporter();\nawait mock.start(4000);",
          "err": {},
          "uuid": "90ebae70-9959-4039-9d34-b21e3a8e7d16",
          "parentUUID": "9800d826-9948-4406-b62c-f9c044d8f82f",
          "isHook": true,
          "skipped": false
        },
        {
          "title": "\"before all\" hook in \"{root}\"",
          "fullTitle": "\"before all\" hook in \"{root}\"",
          "timedOut": false,
          "duration": 0,
          "state": null,
          "speed": null,
          "pass": false,
          "fail": false,
          "pending": false,
          "context": null,
          "code": "addFlowReporter();\nawait mock.start();",
          "err": {},
          "uuid": "41410a3c-225f-4a67-98b9-758615886276",
          "parentUUID": "9800d826-9948-4406-b62c-f9c044d8f82f",
          "isHook": true,
          "skipped": false
        },
        {
          "title": "\"before each\" hook in \"{root}\"",
          "fullTitle": "\"before each\" hook in \"{root}\"",
          "timedOut": false,
          "duration": 527,
          "state": null,
          "speed": null,
          "pass": false,
          "fail": false,
          "pending": false,
          "context": null,
          "code": "token = await spec()\n    .post('/public/authUser')\n    .withJson({\n        \"email\": \"admin@admin.com\",\n        \"password\": \"admin123\"\n    })\n    .returns('data.token')",
          "err": {},
          "uuid": "3c5540b2-8386-4119-a9f6-cadc5356f69b",
          "parentUUID": "9800d826-9948-4406-b62c-f9c044d8f82f",
          "isHook": true,
          "skipped": false
        },
        {
          "title": "\"before each\" hook in \"{root}\"",
          "fullTitle": "\"before each\" hook in \"{root}\"",
          "timedOut": false,
          "duration": 516,
          "state": null,
          "speed": null,
          "pass": false,
          "fail": false,
          "pending": false,
          "context": null,
          "code": "await spec()\n    .post('http://lojaebac.ebaconline.art.br/graphql')\n    .withGraphQLQuery(`\n    mutation AuthUser($email: String, $password: String) {\n        authUser(email: $email, password: $password) {\n          success\n          token\n        }\n      }\n`)\n    .withGraphQLVariables({\n        \"email\": \"admin@admin.com\",\n        \"password\": \"admin123\"\n    })\n    .stores('token', 'data.authUser.token')",
          "err": {},
          "uuid": "086fa1fa-cf14-46b6-bc16-821179aba1b4",
          "parentUUID": "9800d826-9948-4406-b62c-f9c044d8f82f",
          "isHook": true,
          "skipped": false
        },
        {
          "title": "\"before each\" hook in \"{root}\"",
          "fullTitle": "\"before each\" hook in \"{root}\"",
          "timedOut": false,
          "duration": 520,
          "state": null,
          "speed": null,
          "pass": false,
          "fail": false,
          "pending": false,
          "context": null,
          "code": "token = await spec()\n    .post('/public/authUser')\n    .withJson({\n        \"email\": \"admin@admin.com\",\n        \"password\": \"admin123\"\n    })\n    .returns('data.token')",
          "err": {},
          "uuid": "c3a913f0-b287-4837-88ec-0f24569f3f17",
          "parentUUID": "9800d826-9948-4406-b62c-f9c044d8f82f",
          "isHook": true,
          "skipped": false
        },
        {
          "title": "\"before each\" hook in \"{root}\"",
          "fullTitle": "\"before each\" hook in \"{root}\"",
          "timedOut": false,
          "duration": 780,
          "state": null,
          "speed": null,
          "pass": false,
          "fail": false,
          "pending": false,
          "context": null,
          "code": "token = await spec()\n    .post('/public/authUser')\n    .withJson({\n        \"email\": \"admin@admin.com\",\n        \"password\": \"admin123\"\n    })\n    .returns('data.token')",
          "err": {},
          "uuid": "46998f99-4757-469a-9c3a-9b6c29760689",
          "parentUUID": "9800d826-9948-4406-b62c-f9c044d8f82f",
          "isHook": true,
          "skipped": false
        },
        {
          "title": "\"before each\" hook in \"{root}\"",
          "fullTitle": "\"before each\" hook in \"{root}\"",
          "timedOut": false,
          "duration": 515,
          "state": null,
          "speed": null,
          "pass": false,
          "fail": false,
          "pending": false,
          "context": null,
          "code": "await spec()\n    .post('http://lojaebac.ebaconline.art.br/graphql')\n    .withGraphQLQuery(`\n    mutation AuthUser($email: String, $password: String) {\n        authUser(email: $email, password: $password) {\n          success\n          token\n        }\n      }\n`)\n    .withGraphQLVariables({\n        \"email\": \"admin@admin.com\",\n        \"password\": \"admin123\"\n    })\n    .stores('token', 'data.authUser.token')",
          "err": {},
          "uuid": "2934792d-8d11-46e5-88b4-3f4fffee11af",
          "parentUUID": "9800d826-9948-4406-b62c-f9c044d8f82f",
          "isHook": true,
          "skipped": false
        },
        {
          "title": "\"before each\" hook in \"{root}\"",
          "fullTitle": "\"before each\" hook in \"{root}\"",
          "timedOut": false,
          "duration": 538,
          "state": null,
          "speed": null,
          "pass": false,
          "fail": false,
          "pending": false,
          "context": null,
          "code": "token = await spec()\n    .post('/public/authUser')\n    .withJson({\n        \"email\": \"admin@admin.com\",\n        \"password\": \"admin123\"\n    })\n    .returns('data.token')",
          "err": {},
          "uuid": "4d5ef0bd-d298-4481-8491-5295a89badff",
          "parentUUID": "9800d826-9948-4406-b62c-f9c044d8f82f",
          "isHook": true,
          "skipped": false
        },
        {
          "title": "\"before each\" hook in \"{root}\"",
          "fullTitle": "\"before each\" hook in \"{root}\"",
          "timedOut": false,
          "duration": 514,
          "state": null,
          "speed": null,
          "pass": false,
          "fail": false,
          "pending": false,
          "context": null,
          "code": "await spec()\n    .post('http://lojaebac.ebaconline.art.br/graphql')\n    .withGraphQLQuery(`\n    mutation AuthUser($email: String, $password: String) {\n        authUser(email: $email, password: $password) {\n          success\n          token\n        }\n      }\n`)\n    .withGraphQLVariables({\n        \"email\": \"admin@admin.com\",\n        \"password\": \"admin123\"\n    })\n    .stores('token', 'data.authUser.token')",
          "err": {},
          "uuid": "3c6a379e-2035-4faf-aa42-31542759622b",
          "parentUUID": "9800d826-9948-4406-b62c-f9c044d8f82f",
          "isHook": true,
          "skipped": false
        }
      ],
      "afterHooks": [
        {
          "title": "\"after all\" hook for \"Deve excluir um produto com sucesso\"",
          "fullTitle": "\"after all\" hook for \"Deve excluir um produto com sucesso\"",
          "timedOut": false,
          "duration": 1004,
          "state": "failed",
          "speed": null,
          "pass": false,
          "fail": true,
          "pending": false,
          "context": null,
          "code": "await mock.stop();\nawait reporter.end();",
          "err": {
            "message": "Error: the string \"Failed to authenticate with flows server\" was thrown, throw an Error :)",
            "estack": "Error: the string \"Failed to authenticate with flows server\" was thrown, throw an Error :)\n    at process.processTicksAndRejections (node:internal/process/task_queues:95:5)",
            "diff": null
          },
          "uuid": "cdb75b65-fb8b-41e5-b389-b8de936a78cb",
          "parentUUID": "9800d826-9948-4406-b62c-f9c044d8f82f",
          "isHook": true,
          "skipped": false
        },
        {
          "title": "\"after all\" hook",
          "fullTitle": "\"after all\" hook",
          "timedOut": false,
          "duration": 0,
          "state": null,
          "speed": null,
          "pass": false,
          "fail": false,
          "pending": false,
          "context": null,
          "code": "await mock.stop();\nawait reporter.end();",
          "err": {},
          "uuid": "ae5ff97a-9fca-4d1b-9959-852529b26098",
          "parentUUID": "9800d826-9948-4406-b62c-f9c044d8f82f",
          "isHook": true,
          "skipped": false
        },
        {
          "title": "\"after all\" hook",
          "fullTitle": "\"after all\" hook",
          "timedOut": false,
          "duration": 0,
          "state": null,
          "speed": null,
          "pass": false,
          "fail": false,
          "pending": false,
          "context": null,
          "code": "await mock.stop();\nawait reporter.end();",
          "err": {},
          "uuid": "45be7c96-3bca-48f6-a684-097cdc4be66f",
          "parentUUID": "9800d826-9948-4406-b62c-f9c044d8f82f",
          "isHook": true,
          "skipped": false
        },
        {
          "title": "\"after all\" hook",
          "fullTitle": "\"after all\" hook",
          "timedOut": false,
          "duration": 0,
          "state": null,
          "speed": null,
          "pass": false,
          "fail": false,
          "pending": false,
          "context": null,
          "code": "await reporter.end();",
          "err": {},
          "uuid": "411f8caf-8ee5-4820-91db-c183c93a36df",
          "parentUUID": "9800d826-9948-4406-b62c-f9c044d8f82f",
          "isHook": true,
          "skipped": false
        },
        {
          "title": "\"after all\" hook",
          "fullTitle": "\"after all\" hook",
          "timedOut": false,
          "duration": 0,
          "state": null,
          "speed": null,
          "pass": false,
          "fail": false,
          "pending": false,
          "context": null,
          "code": "await mock.stop();\nawait reporter.end();",
          "err": {},
          "uuid": "7f370cf6-fee9-41a0-9618-280106aad6ed",
          "parentUUID": "9800d826-9948-4406-b62c-f9c044d8f82f",
          "isHook": true,
          "skipped": false
        },
        {
          "title": "\"after all\" hook",
          "fullTitle": "\"after all\" hook",
          "timedOut": false,
          "duration": 0,
          "state": null,
          "speed": null,
          "pass": false,
          "fail": false,
          "pending": false,
          "context": null,
          "code": "await mock.stop();\nawait reporter.end();",
          "err": {},
          "uuid": "f3c35136-2b3e-4f67-ab51-7b12f0698f97",
          "parentUUID": "9800d826-9948-4406-b62c-f9c044d8f82f",
          "isHook": true,
          "skipped": false
        }
      ],
      "tests": [
        {
          "title": "Deve excluir um produto com sucesso",
          "fullTitle": "Deve excluir um produto com sucesso",
          "timedOut": false,
          "duration": 539,
          "state": "failed",
          "speed": null,
          "pass": false,
          "fail": true,
          "pending": false,
          "context": null,
          "code": "await spec()\n  .delete('http://lojaebac.ebaconline.art.br/api/deleteProduct/67e1c686ad0a28d184fb07b7')\n  .withHeaders('Authorization', token)\n  .expectStatus(200)\n  .expectJson('success', true)",
          "err": {
            "message": "AssertionError: HTTP status 400 !== 200",
            "estack": "AssertionError [ERR_ASSERTION]: HTTP status 400 !== 200\n    at Expect._validateStatus (node_modules/pactum/src/models/expect.js:106:14)\n    at Expect.validate (node_modules/pactum/src/models/expect.js:47:10)\n    at Tosser.validateResponse (node_modules/pactum/src/models/Tosser.js:255:23)\n    at Tosser.validate (node_modules/pactum/src/models/Tosser.js:219:18)\n    at Tosser.toss (node_modules/pactum/src/models/Tosser.js:46:18)\n    at process.processTicksAndRejections (node:internal/process/task_queues:95:5)",
            "diff": "- 400\n+ 200\n"
          },
          "uuid": "26591cd3-af56-4322-b8c9-20cf1c3eac4c",
          "parentUUID": "9800d826-9948-4406-b62c-f9c044d8f82f",
          "isHook": false,
          "skipped": false
        }
      ],
      "suites": [],
      "passes": [],
      "failures": [
        "26591cd3-af56-4322-b8c9-20cf1c3eac4c"
      ],
      "pending": [],
      "skipped": [],
      "duration": 539,
      "root": true,
      "rootEmpty": false,
      "_timeout": 2000
    }
  ],
  "meta": {
    "mocha": {
      "version": "11.1.0"
    },
    "mochawesome": {
      "options": {
        "quiet": false,
        "reportFilename": "mochawesome",
        "saveHtml": true,
        "saveJson": true,
        "consoleReporter": "spec",
        "useInlineDiffs": false,
        "code": true
      },
      "version": "7.1.3"
    },
    "marge": {
      "options": null,
      "version": "6.2.0"
    }
  }
}