{
  "stats": {
    "suites": 0,
    "tests": 1,
    "passes": 0,
    "pending": 0,
    "failures": 1,
    "start": "2025-06-30T23:40:59.731Z",
    "end": "2025-06-30T23:41:06.735Z",
    "duration": 7004,
    "testsRegistered": 1,
    "passPercent": 0,
    "pendingPercent": 0,
    "other": 1,
    "hasOther": true,
    "skipped": 0,
    "hasSkipped": false
  },
  "results": [
    {
      "uuid": "bda2f6f9-86f7-4b31-b224-0acb12f0abbb",
      "title": "",
      "fullFile": "",
      "file": "/home/runner/work/exerc_pactumjs/exerc_pactumjs/test/exercicios/produtos.test.js",
      "beforeHooks": [
        {
          "title": "\"before all\" hook in \"{root}\"",
          "fullTitle": "\"before all\" hook in \"{root}\"",
          "timedOut": false,
          "duration": 3,
          "state": null,
          "speed": null,
          "pass": false,
          "fail": false,
          "pending": false,
          "context": null,
          "code": "addFlowReporter();\nawait mock.start(4000);",
          "err": {},
          "uuid": "be768100-4df0-4594-8b04-126068291712",
          "parentUUID": "bda2f6f9-86f7-4b31-b224-0acb12f0abbb",
          "isHook": true,
          "skipped": false
        },
        {
          "title": "\"before all\" hook in \"{root}\"",
          "fullTitle": "\"before all\" hook in \"{root}\"",
          "timedOut": false,
          "duration": 0,
          "state": null,
          "speed": null,
          "pass": false,
          "fail": false,
          "pending": false,
          "context": null,
          "code": "addFlowReporter();\nawait mock.start(4000);",
          "err": {},
          "uuid": "18a78e1a-8dd3-4c54-b1ce-6d52ff33c59d",
          "parentUUID": "bda2f6f9-86f7-4b31-b224-0acb12f0abbb",
          "isHook": true,
          "skipped": false
        },
        {
          "title": "\"before all\" hook in \"{root}\"",
          "fullTitle": "\"before all\" hook in \"{root}\"",
          "timedOut": false,
          "duration": 1,
          "state": null,
          "speed": null,
          "pass": false,
          "fail": false,
          "pending": false,
          "context": null,
          "code": "addFlowReporter();\nawait mock.start(4000);",
          "err": {},
          "uuid": "5e0bb3f6-6bd2-4ab4-b28a-9cc9c5ab8973",
          "parentUUID": "bda2f6f9-86f7-4b31-b224-0acb12f0abbb",
          "isHook": true,
          "skipped": false
        },
        {
          "title": "\"before all\" hook in \"{root}\"",
          "fullTitle": "\"before all\" hook in \"{root}\"",
          "timedOut": false,
          "duration": 0,
          "state": null,
          "speed": null,
          "pass": false,
          "fail": false,
          "pending": false,
          "context": null,
          "code": "addFlowReporter();",
          "err": {},
          "uuid": "a4375073-4526-4f24-a882-9789349233eb",
          "parentUUID": "bda2f6f9-86f7-4b31-b224-0acb12f0abbb",
          "isHook": true,
          "skipped": false
        },
        {
          "title": "\"before all\" hook in \"{root}\"",
          "fullTitle": "\"before all\" hook in \"{root}\"",
          "timedOut": false,
          "duration": 0,
          "state": null,
          "speed": null,
          "pass": false,
          "fail": false,
          "pending": false,
          "context": null,
          "code": "addFlowReporter();\nawait mock.start(4000);",
          "err": {},
          "uuid": "cffa327a-ecdd-4633-bafc-ab53e08a5f28",
          "parentUUID": "bda2f6f9-86f7-4b31-b224-0acb12f0abbb",
          "isHook": true,
          "skipped": false
        },
        {
          "title": "\"before all\" hook in \"{root}\"",
          "fullTitle": "\"before all\" hook in \"{root}\"",
          "timedOut": false,
          "duration": 0,
          "state": null,
          "speed": null,
          "pass": false,
          "fail": false,
          "pending": false,
          "context": null,
          "code": "addFlowReporter();\nawait mock.start();",
          "err": {},
          "uuid": "ff7e8c1d-caf7-4d41-ae80-2898cce6e282",
          "parentUUID": "bda2f6f9-86f7-4b31-b224-0acb12f0abbb",
          "isHook": true,
          "skipped": false
        },
        {
          "title": "\"before each\" hook in \"{root}\"",
          "fullTitle": "\"before each\" hook in \"{root}\"",
          "timedOut": false,
          "duration": 844,
          "state": null,
          "speed": null,
          "pass": false,
          "fail": false,
          "pending": false,
          "context": null,
          "code": "token = await spec()\n    .post('/public/authUser')\n    .withJson({\n        \"email\": \"admin@admin.com\",\n        \"password\": \"admin123\"\n    })\n    .returns('data.token')",
          "err": {},
          "uuid": "b1272361-c000-4391-9173-9e5c20f8f8c3",
          "parentUUID": "bda2f6f9-86f7-4b31-b224-0acb12f0abbb",
          "isHook": true,
          "skipped": false
        },
        {
          "title": "\"before each\" hook in \"{root}\"",
          "fullTitle": "\"before each\" hook in \"{root}\"",
          "timedOut": false,
          "duration": 821,
          "state": null,
          "speed": null,
          "pass": false,
          "fail": false,
          "pending": false,
          "context": null,
          "code": "await spec()\n    .post('http://lojaebac.ebaconline.art.br/graphql')\n    .withGraphQLQuery(`\n    mutation AuthUser($email: String, $password: String) {\n        authUser(email: $email, password: $password) {\n          success\n          token\n        }\n      }\n`)\n    .withGraphQLVariables({\n        \"email\": \"admin@admin.com\",\n        \"password\": \"admin123\"\n    })\n    .stores('token', 'data.authUser.token')",
          "err": {},
          "uuid": "cdd1c93f-aea8-4241-8e44-4e55d669baa7",
          "parentUUID": "bda2f6f9-86f7-4b31-b224-0acb12f0abbb",
          "isHook": true,
          "skipped": false
        },
        {
          "title": "\"before each\" hook in \"{root}\"",
          "fullTitle": "\"before each\" hook in \"{root}\"",
          "timedOut": false,
          "duration": 1160,
          "state": null,
          "speed": null,
          "pass": false,
          "fail": false,
          "pending": false,
          "context": null,
          "code": "token = await spec()\n    .post('/public/authUser')\n    .withJson({\n        \"email\": \"admin@admin.com\",\n        \"password\": \"admin123\"\n    })\n    .returns('data.token')",
          "err": {},
          "uuid": "bc8a6b9b-f85c-41b2-8cad-1b3155e83d81",
          "parentUUID": "bda2f6f9-86f7-4b31-b224-0acb12f0abbb",
          "isHook": true,
          "skipped": false
        },
        {
          "title": "\"before each\" hook in \"{root}\"",
          "fullTitle": "\"before each\" hook in \"{root}\"",
          "timedOut": false,
          "duration": 828,
          "state": null,
          "speed": null,
          "pass": false,
          "fail": false,
          "pending": false,
          "context": null,
          "code": "token = await spec()\n    .post('/public/authUser')\n    .withJson({\n        \"email\": \"admin@admin.com\",\n        \"password\": \"admin123\"\n    })\n    .returns('data.token')",
          "err": {},
          "uuid": "134e4fb1-580e-4dab-903c-71a4ffc428b7",
          "parentUUID": "bda2f6f9-86f7-4b31-b224-0acb12f0abbb",
          "isHook": true,
          "skipped": false
        },
        {
          "title": "\"before each\" hook in \"{root}\"",
          "fullTitle": "\"before each\" hook in \"{root}\"",
          "timedOut": false,
          "duration": 543,
          "state": null,
          "speed": null,
          "pass": false,
          "fail": false,
          "pending": false,
          "context": null,
          "code": "await spec()\n    .post('http://lojaebac.ebaconline.art.br/graphql')\n    .withGraphQLQuery(`\n    mutation AuthUser($email: String, $password: String) {\n        authUser(email: $email, password: $password) {\n          success\n          token\n        }\n      }\n`)\n    .withGraphQLVariables({\n        \"email\": \"admin@admin.com\",\n        \"password\": \"admin123\"\n    })\n    .stores('token', 'data.authUser.token')",
          "err": {},
          "uuid": "f66d3e9a-f19d-44e8-88e7-5d33be73789c",
          "parentUUID": "bda2f6f9-86f7-4b31-b224-0acb12f0abbb",
          "isHook": true,
          "skipped": false
        },
        {
          "title": "\"before each\" hook in \"{root}\"",
          "fullTitle": "\"before each\" hook in \"{root}\"",
          "timedOut": false,
          "duration": 939,
          "state": null,
          "speed": null,
          "pass": false,
          "fail": false,
          "pending": false,
          "context": null,
          "code": "token = await spec()\n    .post('/public/authUser')\n    .withJson({\n        \"email\": \"admin@admin.com\",\n        \"password\": \"admin123\"\n    })\n    .returns('data.token')",
          "err": {},
          "uuid": "1c840655-35a5-4875-b75c-bac4f6e86007",
          "parentUUID": "bda2f6f9-86f7-4b31-b224-0acb12f0abbb",
          "isHook": true,
          "skipped": false
        },
        {
          "title": "\"before each\" hook in \"{root}\"",
          "fullTitle": "\"before each\" hook in \"{root}\"",
          "timedOut": false,
          "duration": 549,
          "state": null,
          "speed": null,
          "pass": false,
          "fail": false,
          "pending": false,
          "context": null,
          "code": "await spec()\n    .post('http://lojaebac.ebaconline.art.br/graphql')\n    .withGraphQLQuery(`\n    mutation AuthUser($email: String, $password: String) {\n        authUser(email: $email, password: $password) {\n          success\n          token\n        }\n      }\n`)\n    .withGraphQLVariables({\n        \"email\": \"admin@admin.com\",\n        \"password\": \"admin123\"\n    })\n    .stores('token', 'data.authUser.token')",
          "err": {},
          "uuid": "54615bfc-86e2-454a-a927-6862aadfd6c3",
          "parentUUID": "bda2f6f9-86f7-4b31-b224-0acb12f0abbb",
          "isHook": true,
          "skipped": false
        }
      ],
      "afterHooks": [
        {
          "title": "\"after all\" hook for \"Deve excluir um produto com sucesso\"",
          "fullTitle": "\"after all\" hook for \"Deve excluir um produto com sucesso\"",
          "timedOut": false,
          "duration": 1006,
          "state": "failed",
          "speed": null,
          "pass": false,
          "fail": true,
          "pending": false,
          "context": null,
          "code": "await mock.stop();\nawait reporter.end();",
          "err": {
            "message": "Error: the string \"Failed to authenticate with flows server\" was thrown, throw an Error :)",
            "estack": "Error: the string \"Failed to authenticate with flows server\" was thrown, throw an Error :)\n    at process.processTicksAndRejections (node:internal/process/task_queues:95:5)",
            "diff": null
          },
          "uuid": "352d431d-4a93-42bf-adb6-86f6667feaf9",
          "parentUUID": "bda2f6f9-86f7-4b31-b224-0acb12f0abbb",
          "isHook": true,
          "skipped": false
        },
        {
          "title": "\"after all\" hook",
          "fullTitle": "\"after all\" hook",
          "timedOut": false,
          "duration": 0,
          "state": null,
          "speed": null,
          "pass": false,
          "fail": false,
          "pending": false,
          "context": null,
          "code": "await mock.stop();\nawait reporter.end();",
          "err": {},
          "uuid": "c6a88818-aa52-43e1-bb99-695d6585e3ce",
          "parentUUID": "bda2f6f9-86f7-4b31-b224-0acb12f0abbb",
          "isHook": true,
          "skipped": false
        },
        {
          "title": "\"after all\" hook",
          "fullTitle": "\"after all\" hook",
          "timedOut": false,
          "duration": 0,
          "state": null,
          "speed": null,
          "pass": false,
          "fail": false,
          "pending": false,
          "context": null,
          "code": "await mock.stop();\nawait reporter.end();",
          "err": {},
          "uuid": "aed81c22-9194-4751-b9c4-68dbb7f49cb7",
          "parentUUID": "bda2f6f9-86f7-4b31-b224-0acb12f0abbb",
          "isHook": true,
          "skipped": false
        },
        {
          "title": "\"after all\" hook",
          "fullTitle": "\"after all\" hook",
          "timedOut": false,
          "duration": 0,
          "state": null,
          "speed": null,
          "pass": false,
          "fail": false,
          "pending": false,
          "context": null,
          "code": "await reporter.end();",
          "err": {},
          "uuid": "b74c50b5-612a-4330-afac-0fcc4d63a75b",
          "parentUUID": "bda2f6f9-86f7-4b31-b224-0acb12f0abbb",
          "isHook": true,
          "skipped": false
        },
        {
          "title": "\"after all\" hook",
          "fullTitle": "\"after all\" hook",
          "timedOut": false,
          "duration": 0,
          "state": null,
          "speed": null,
          "pass": false,
          "fail": false,
          "pending": false,
          "context": null,
          "code": "await mock.stop();\nawait reporter.end();",
          "err": {},
          "uuid": "37d5c3b6-27c5-47d4-8f24-4e939461a9b8",
          "parentUUID": "bda2f6f9-86f7-4b31-b224-0acb12f0abbb",
          "isHook": true,
          "skipped": false
        },
        {
          "title": "\"after all\" hook",
          "fullTitle": "\"after all\" hook",
          "timedOut": false,
          "duration": 0,
          "state": null,
          "speed": null,
          "pass": false,
          "fail": false,
          "pending": false,
          "context": null,
          "code": "await mock.stop();\nawait reporter.end();",
          "err": {},
          "uuid": "3ed354fa-10bc-4d4f-858b-0d672bdc1115",
          "parentUUID": "bda2f6f9-86f7-4b31-b224-0acb12f0abbb",
          "isHook": true,
          "skipped": false
        }
      ],
      "tests": [
        {
          "title": "Deve excluir um produto com sucesso",
          "fullTitle": "Deve excluir um produto com sucesso",
          "timedOut": false,
          "duration": 304,
          "state": "failed",
          "speed": null,
          "pass": false,
          "fail": true,
          "pending": false,
          "context": null,
          "code": "await spec()\n  .delete('http://lojaebac.ebaconline.art.br/api/deleteProduct/67e1c686ad0a28d184fb07b7')\n  .withHeaders('Authorization', token)\n  .expectStatus(200)\n  .expectJson('success', true)",
          "err": {
            "message": "AssertionError: HTTP status 400 !== 200",
            "estack": "AssertionError [ERR_ASSERTION]: HTTP status 400 !== 200\n    at Expect._validateStatus (node_modules/pactum/src/models/expect.js:106:14)\n    at Expect.validate (node_modules/pactum/src/models/expect.js:47:10)\n    at Tosser.validateResponse (node_modules/pactum/src/models/Tosser.js:255:23)\n    at Tosser.validate (node_modules/pactum/src/models/Tosser.js:219:18)\n    at Tosser.toss (node_modules/pactum/src/models/Tosser.js:46:18)\n    at process.processTicksAndRejections (node:internal/process/task_queues:95:5)",
            "diff": "- 400\n+ 200\n"
          },
          "uuid": "eb9e0574-7c44-449b-a407-367bb6a991f7",
          "parentUUID": "bda2f6f9-86f7-4b31-b224-0acb12f0abbb",
          "isHook": false,
          "skipped": false
        }
      ],
      "suites": [],
      "passes": [],
      "failures": [
        "eb9e0574-7c44-449b-a407-367bb6a991f7"
      ],
      "pending": [],
      "skipped": [],
      "duration": 304,
      "root": true,
      "rootEmpty": false,
      "_timeout": 2000
    }
  ],
  "meta": {
    "mocha": {
      "version": "11.1.0"
    },
    "mochawesome": {
      "options": {
        "quiet": false,
        "reportFilename": "mochawesome",
        "saveHtml": true,
        "saveJson": true,
        "consoleReporter": "spec",
        "useInlineDiffs": false,
        "code": true
      },
      "version": "7.1.3"
    },
    "marge": {
      "options": null,
      "version": "6.2.0"
    }
  }
}